
2024-11-14 09:00:29,529 - Failed to scrape http://55niksbd22qqaedkw36qw4cpofmbxdtbwonxam7ov2ga62zqbhgty3yd.onion/: HTTPConnectionPool(host='55niksbd22qqaedkw36qw4cpofmbxdtbwonxam7ov2ga62zqbhgty3yd.onion', port=80): Max retries exceeded with url: / (Caused by NameResolutionError("<urllib3.connection.HTTPConnection object at 0x7f521bb267d0>: Failed to resolve '55niksbd22qqaedkw36qw4cpofmbxdtbwonxam7ov2ga62zqbhgty3yd.onion' ([Errno -2] Name or service not known)"))
2024-11-14 09:00:29,779 - Failed to scrape http://s57divisqlcjtsyutxjz2ww77vlbwpxgodtijcsrgsuts4js5hnxkhqd.onion/: HTTPConnectionPool(host='s57divisqlcjtsyutxjz2ww77vlbwpxgodtijcsrgsuts4js5hnxkhqd.onion', port=80): Max retries exceeded with url: / (Caused by NameResolutionError("<urllib3.connection.HTTPConnection object at 0x7f521bb38750>: Failed to resolve 's57divisqlcjtsyutxjz2ww77vlbwpxgodtijcsrgsuts4js5hnxkhqd.onion' ([Errno -2] Name or service not known)"))
2024-11-14 09:00:30,179 - Failed to scrape http://y22arit74fqnnc2pbieq3wqqvkfub6gnlegx3cl6thclos4f7ya7rvad.onion/: HTTPConnectionPool(host='y22arit74fqnnc2pbieq3wqqvkfub6gnlegx3cl6thclos4f7ya7rvad.onion', port=80): Max retries exceeded with url: / (Caused by NameResolutionError("<urllib3.connection.HTTPConnection object at 0x7f521bb3a850>: Failed to resolve 'y22arit74fqnnc2pbieq3wqqvkfub6gnlegx3cl6thclos4f7ya7rvad.onion' ([Errno -2] Name or service not known)"))
2024-11-14 09:00:46,466 - Failed to scrape http://xykxv6fmblogxgmzjm5wt6akdhm4wewiarjzcngev4tupgjlyugmc7qd.onion/: HTTPConnectionPool(host='xykxv6fmblogxgmzjm5wt6akdhm4wewiarjzcngev4tupgjlyugmc7qd.onion', port=80): Max retries exceeded with url: / (Caused by NameResolutionError("<urllib3.connection.HTTPConnection object at 0x7f521bb48990>: Failed to resolve 'xykxv6fmblogxgmzjm5wt6akdhm4wewiarjzcngev4tupgjlyugmc7qd.onion' ([Errno -2] Name or service not known)"))
2024-11-14 09:00:46,773 - Failed to scrape http://qazkxav4zzmt5xwfw6my362jdwhzrcafz7qpd5kugfgx7z7il5lyb6ad.onion/: HTTPConnectionPool(host='qazkxav4zzmt5xwfw6my362jdwhzrcafz7qpd5kugfgx7z7il5lyb6ad.onion', port=80): Max retries exceeded with url: / (Caused by NameResolutionError("<urllib3.connection.HTTPConnection object at 0x7f521bb4a910>: Failed to resolve 'qazkxav4zzmt5xwfw6my362jdwhzrcafz7qpd5kugfgx7z7il5lyb6ad.onion' ([Errno -2] Name or service not known)"))
2024-11-14 09:00:47,021 - Failed to scrape http://k6m3fagp4w4wspmdt23fldnwrmknse74gmxosswvaxf3ciasficpenad.onion/: HTTPConnectionPool(host='k6m3fagp4w4wspmdt23fldnwrmknse74gmxosswvaxf3ciasficpenad.onion', port=80): Max retries exceeded with url: / (Caused by NameResolutionError("<urllib3.connection.HTTPConnection object at 0x7f521bb3b590>: Failed to resolve 'k6m3fagp4w4wspmdt23fldnwrmknse74gmxosswvaxf3ciasficpenad.onion' ([Errno -2] Name or service not known)"))
2024-11-14 09:00:52,118 - Failed to scrape http://lqcjo7esbfog5t4r4gyy7jurpzf6cavpfmc4vkal4k2g4ie66ao5mryd.onion/: HTTPConnectionPool(host='lqcjo7esbfog5t4r4gyy7jurpzf6cavpfmc4vkal4k2g4ie66ao5mryd.onion', port=80): Max retries exceeded with url: / (Caused by NameResolutionError("<urllib3.connection.HTTPConnection object at 0x7f521bb3a290>: Failed to resolve 'lqcjo7esbfog5t4r4gyy7jurpzf6cavpfmc4vkal4k2g4ie66ao5mryd.onion' ([Errno -2] Name or service not known)"))
2024-11-14 09:01:07,163 - Failed to scrape http://3bp7szl6ehbrnitmbyxzvcm3ieu7ba2kys64oecf4g2b65mcgbafzgqd.onion/: HTTPConnectionPool(host='3bp7szl6ehbrnitmbyxzvcm3ieu7ba2kys64oecf4g2b65mcgbafzgqd.onion', port=80): Max retries exceeded with url: / (Caused by NameResolutionError("<urllib3.connection.HTTPConnection object at 0x7f521c140c50>: Failed to resolve '3bp7szl6ehbrnitmbyxzvcm3ieu7ba2kys64oecf4g2b65mcgbafzgqd.onion' ([Errno -2] Name or service not known)"))
2024-11-14 09:01:22,187 - Failed to scrape http://kq4okz5kf4xosbsnvdr45uukjhbm4oameb6k6agjjsydycvflcewl4qd.onion/: HTTPConnectionPool(host='kq4okz5kf4xosbsnvdr45uukjhbm4oameb6k6agjjsydycvflcewl4qd.onion', port=80): Max retries exceeded with url: / (Caused by NameResolutionError("<urllib3.connection.HTTPConnection object at 0x7f521bb16f10>: Failed to resolve 'kq4okz5kf4xosbsnvdr45uukjhbm4oameb6k6agjjsydycvflcewl4qd.onion' ([Errno -2] Name or service not known)"))
2024-11-14 09:01:37,222 - Failed to scrape http://t43fsf65omvf7grt46wlt2eo5jbj3hafyvbdb7jtr2biyre5v24pebad.onion/: HTTPConnectionPool(host='t43fsf65omvf7grt46wlt2eo5jbj3hafyvbdb7jtr2biyre5v24pebad.onion', port=80): Max retries exceeded with url: / (Caused by NameResolutionError("<urllib3.connection.HTTPConnection object at 0x7f521bb49410>: Failed to resolve 't43fsf65omvf7grt46wlt2eo5jbj3hafyvbdb7jtr2biyre5v24pebad.onion' ([Errno -2] Name or service not known)"))
2024-11-14 09:01:52,252 - Failed to scrape http://rfyb5tlhiqtiavwhikdlvb3fumxgqwtg2naanxtiqibidqlox5vispqd.onion/: HTTPConnectionPool(host='rfyb5tlhiqtiavwhikdlvb3fumxgqwtg2naanxtiqibidqlox5vispqd.onion', port=80): Max retries exceeded with url: / (Caused by NameResolutionError("<urllib3.connection.HTTPConnection object at 0x7f521bb34bd0>: Failed to resolve 'rfyb5tlhiqtiavwhikdlvb3fumxgqwtg2naanxtiqibidqlox5vispqd.onion' ([Errno -2] Name or service not known)"))
2024-11-14 09:02:07,293 - Failed to scrape http://7mejofwihleuugda5kfnr7tupvfbaqntjqnfxc4hwmozlcmj2cey3hqd.onion/: HTTPConnectionPool(host='7mejofwihleuugda5kfnr7tupvfbaqntjqnfxc4hwmozlcmj2cey3hqd.onion', port=80): Max retries exceeded with url: / (Caused by NameResolutionError("<urllib3.connection.HTTPConnection object at 0x7f521bb17310>: Failed to resolve '7mejofwihleuugda5kfnr7tupvfbaqntjqnfxc4hwmozlcmj2cey3hqd.onion' ([Errno -2] Name or service not known)"))
2024-11-14 09:02:17,628 - Failed to scrape http://spywaredrcdg5krvjnukp3vbdwiqcv3zwbrcg6qh27kiwecm4qyfphid.onion/: HTTPConnectionPool(host='spywaredrcdg5krvjnukp3vbdwiqcv3zwbrcg6qh27kiwecm4qyfphid.onion', port=80): Max retries exceeded with url: / (Caused by NameResolutionError("<urllib3.connection.HTTPConnection object at 0x7f521bb27890>: Failed to resolve 'spywaredrcdg5krvjnukp3vbdwiqcv3zwbrcg6qh27kiwecm4qyfphid.onion' ([Errno -2] Name or service not known)"))
2024-11-14 09:02:18,271 - Matches found on https://hidden.wiki/: {'bitcoin': ['Bitcoin', 'bitcoin', 'Bitcoin', 'Bitcoin', 'bitcoin', 'bitcoin', 'Bitcoin', 'Bitcoin', 'bitcoin', 'Bitcoin', 'bitcoin', 'Bitcoin', 'Bitcoin', 'Bitcoin', 'Bitcoin', 'bitcoin', 'Bitcoin', 'Bitcoin', 'Bitcoin', 'Bitcoin', 'Bitcoin', 'Bitcoin', 'bitcoin', 'Bitcoin', 'bitcoin', 'bitcoin'], 'credit card': [], 'ransomware': [], 'hacker tools': [], 'bounty': [], 'drugs': [], 'weapons': ['weapons'], 'guns': ['Guns', 'Guns'], 'spyware': ['spyware', 'Spyware'], 'Aadhar': [], 'Account Number': [], 'Account No.': [], 'Ransome': [], 'Ransomware': [], 'Fraud': [], 'Fake': ['fake', 'fake', 'Fake']}
2024-11-14 09:45:18,319 - GETCONF __owningcontrollerprocess (runtime: 0.0005)
2024-11-14 09:45:18,331 - Error while receiving a control message (SocketClosed): received exception "read of closed file"
2024-11-14 09:45:18,331 - Error while receiving a control message (SocketClosed): received exception "peek of closed file"
2024-11-14 09:45:18,332 - Error while receiving a control message (SocketClosed): received exception "peek of closed file"
2024-11-14 09:45:18,332 - Error while receiving a control message (SocketClosed): received exception "peek of closed file"
2024-11-14 09:45:18,332 - Error while receiving a control message (SocketClosed): received exception "peek of closed file"
2024-11-14 09:45:18,332 - Error while receiving a control message (SocketClosed): received exception "peek of closed file"
2024-11-14 09:45:18,332 - Error while receiving a control message (SocketClosed): received exception "peek of closed file"
2024-11-14 09:45:18,332 - Error while receiving a control message (SocketClosed): received exception "peek of closed file"
2024-11-14 09:45:18,332 - Error while receiving a control message (SocketClosed): received exception "peek of closed file"
2024-11-14 09:45:18,332 - Error while receiving a control message (SocketClosed): received exception "peek of closed file"
2024-11-14 09:45:18,332 - Error while receiving a control message (SocketClosed): received exception "peek of closed file"
2024-11-14 09:45:18,332 - Error while receiving a control message (SocketClosed): received exception "peek of closed file"
2024-11-14 09:45:25,674 - Matches found on http://55niksbd22qqaedkw36qw4cpofmbxdtbwonxam7ov2ga62zqbhgty3yd.onion/: {'bitcoin': [], 'credit card': ['CREDIT CARD', 'Credit Card'], 'ransomware': [], 'hacker tools': [], 'bounty': [], 'drugs': [], 'weapons': [], 'guns': [], 'spyware': [], 'Aadhar': [], 'Account Number': [], 'Account No.': [], 'Ransome': [], 'Ransomware': [], 'Fraud': [], 'Fake': []}
2024-11-14 09:45:29,137 - Matches found on http://s57divisqlcjtsyutxjz2ww77vlbwpxgodtijcsrgsuts4js5hnxkhqd.onion/: {'bitcoin': [], 'credit card': [], 'ransomware': [], 'hacker tools': [], 'bounty': [], 'drugs': [], 'weapons': [], 'guns': [], 'spyware': [], 'Aadhar': [], 'Account Number': [], 'Account No.': [], 'Ransome': [], 'Ransomware': [], 'Fraud': [], 'Fake': ['fake']}
2024-11-14 09:45:33,652 - Matches found on http://y22arit74fqnnc2pbieq3wqqvkfub6gnlegx3cl6thclos4f7ya7rvad.onion/: {'bitcoin': ['bitcoin', 'bitcoin', 'bitcoin', 'bitcoin', 'bitcoin', 'bitcoin', 'bitcoin', 'bitcoin', 'bitcoin'], 'credit card': [], 'ransomware': [], 'hacker tools': [], 'bounty': [], 'drugs': [], 'weapons': [], 'guns': [], 'spyware': [], 'Aadhar': [], 'Account Number': [], 'Account No.': [], 'Ransome': [], 'Ransomware': [], 'Fraud': [], 'Fake': []}
2024-11-14 09:45:40,961 - Matches found on http://xykxv6fmblogxgmzjm5wt6akdhm4wewiarjzcngev4tupgjlyugmc7qd.onion/: {'bitcoin': ['bitcoin'], 'credit card': [], 'ransomware': [], 'hacker tools': [], 'bounty': [], 'drugs': [], 'weapons': [], 'guns': [], 'spyware': [], 'Aadhar': [], 'Account Number': [], 'Account No.': [], 'Ransome': [], 'Ransomware': [], 'Fraud': [], 'Fake': []}
2024-11-14 09:45:44,639 - Matches found on http://qazkxav4zzmt5xwfw6my362jdwhzrcafz7qpd5kugfgx7z7il5lyb6ad.onion/: {'bitcoin': ['Bitcoin'], 'credit card': [], 'ransomware': [], 'hacker tools': [], 'bounty': [], 'drugs': [], 'weapons': [], 'guns': [], 'spyware': [], 'Aadhar': [], 'Account Number': [], 'Account No.': [], 'Ransome': [], 'Ransomware': [], 'Fraud': [], 'Fake': ['fake']}
2024-11-14 09:45:47,723 - Matches found on http://k6m3fagp4w4wspmdt23fldnwrmknse74gmxosswvaxf3ciasficpenad.onion/: {'bitcoin': ['Bitcoin'], 'credit card': [], 'ransomware': [], 'hacker tools': [], 'bounty': [], 'drugs': [], 'weapons': ['weapons'], 'guns': ['Guns', 'guns', 'Guns'], 'spyware': [], 'Aadhar': [], 'Account Number': [], 'Account No.': [], 'Ransome': [], 'Ransomware': [], 'Fraud': [], 'Fake': []}
2024-11-14 09:45:51,437 - Matches found on http://lqcjo7esbfog5t4r4gyy7jurpzf6cavpfmc4vkal4k2g4ie66ao5mryd.onion/: {'bitcoin': [], 'credit card': [], 'ransomware': [], 'hacker tools': [], 'bounty': [], 'drugs': [], 'weapons': [], 'guns': [], 'spyware': [], 'Aadhar': [], 'Account Number': [], 'Account No.': [], 'Ransome': [], 'Ransomware': [], 'Fraud': [], 'Fake': ['Fake', 'Fake', 'fake']}
2024-11-14 09:45:55,016 - Matches found on http://3bp7szl6ehbrnitmbyxzvcm3ieu7ba2kys64oecf4g2b65mcgbafzgqd.onion/: {'bitcoin': ['bitcoin'], 'credit card': [], 'ransomware': [], 'hacker tools': [], 'bounty': [], 'drugs': [], 'weapons': [], 'guns': [], 'spyware': [], 'Aadhar': [], 'Account Number': [], 'Account No.': [], 'Ransome': [], 'Ransomware': [], 'Fraud': [], 'Fake': ['fake']}
2024-11-14 09:46:00,035 - Matches found on http://kq4okz5kf4xosbsnvdr45uukjhbm4oameb6k6agjjsydycvflcewl4qd.onion/: {'bitcoin': ['Bitcoin'], 'credit card': [], 'ransomware': [], 'hacker tools': [], 'bounty': [], 'drugs': [], 'weapons': [], 'guns': [], 'spyware': [], 'Aadhar': [], 'Account Number': [], 'Account No.': [], 'Ransome': [], 'Ransomware': [], 'Fraud': [], 'Fake': []}
2024-11-14 09:46:03,971 - Matches found on http://t43fsf65omvf7grt46wlt2eo5jbj3hafyvbdb7jtr2biyre5v24pebad.onion/: {'bitcoin': ['Bitcoin'], 'credit card': [], 'ransomware': [], 'hacker tools': [], 'bounty': [], 'drugs': [], 'weapons': [], 'guns': ['Guns', 'guns', 'guns'], 'spyware': [], 'Aadhar': [], 'Account Number': [], 'Account No.': [], 'Ransome': [], 'Ransomware': [], 'Fraud': [], 'Fake': []}
2024-11-14 09:46:06,287 - Matches found on http://rfyb5tlhiqtiavwhikdlvb3fumxgqwtg2naanxtiqibidqlox5vispqd.onion/: {'bitcoin': [], 'credit card': [], 'ransomware': [], 'hacker tools': [], 'bounty': [], 'drugs': ['drugs'], 'weapons': [], 'guns': [], 'spyware': [], 'Aadhar': [], 'Account Number': [], 'Account No.': [], 'Ransome': [], 'Ransomware': [], 'Fraud': [], 'Fake': []}
2024-11-14 09:46:11,095 - Matches found on http://7mejofwihleuugda5kfnr7tupvfbaqntjqnfxc4hwmozlcmj2cey3hqd.onion/: {'bitcoin': ['bitcoin', 'bitcoin', 'bitcoin'], 'credit card': [], 'ransomware': [], 'hacker tools': [], 'bounty': [], 'drugs': [], 'weapons': [], 'guns': [], 'spyware': [], 'Aadhar': [], 'Account Number': [], 'Account No.': [], 'Ransome': [], 'Ransomware': [], 'Fraud': [], 'Fake': []}
2024-11-14 09:46:17,040 - Failed to scrape http://spywaredrcdg5krvjnukp3vbdwiqcv3zwbrcg6qh27kiwecm4qyfphid.onion/: SOCKSHTTPConnectionPool(host='spywaredrcdg5krvjnukp3vbdwiqcv3zwbrcg6qh27kiwecm4qyfphid.onion', port=80): Max retries exceeded with url: / (Caused by NewConnectionError('<urllib3.contrib.socks.SOCKSConnection object at 0x7f744e775090>: Failed to establish a new connection: 0x04: Host unreachable'))
2024-11-14 09:46:17,989 - Matches found on https://hidden.wiki/: {'bitcoin': ['Bitcoin', 'bitcoin', 'Bitcoin', 'Bitcoin', 'bitcoin', 'bitcoin', 'Bitcoin', 'Bitcoin', 'bitcoin', 'Bitcoin', 'bitcoin', 'Bitcoin', 'Bitcoin', 'Bitcoin', 'Bitcoin', 'bitcoin', 'Bitcoin', 'Bitcoin', 'Bitcoin', 'Bitcoin', 'Bitcoin', 'Bitcoin', 'bitcoin', 'Bitcoin', 'bitcoin', 'bitcoin'], 'credit card': [], 'ransomware': [], 'hacker tools': [], 'bounty': [], 'drugs': [], 'weapons': ['weapons'], 'guns': ['Guns', 'Guns'], 'spyware': ['spyware', 'Spyware'], 'Aadhar': [], 'Account Number': [], 'Account No.': [], 'Ransome': [], 'Ransomware': [], 'Fraud': [], 'Fake': ['fake', 'fake', 'Fake']}
2024-11-14 09:46:32,941 - GETCONF __owningcontrollerprocess (runtime: 0.0002)
2024-11-14 09:46:32,952 - Error while receiving a control message (SocketClosed): received exception "read of closed file"
2024-11-14 09:46:32,952 - Error while receiving a control message (SocketClosed): received exception "peek of closed file"
2024-11-14 09:46:32,953 - Error while receiving a control message (SocketClosed): received exception "peek of closed file"
2024-11-14 09:46:32,953 - Error while receiving a control message (SocketClosed): received exception "peek of closed file"
2024-11-14 09:46:32,953 - Error while receiving a control message (SocketClosed): received exception "peek of closed file"
2024-11-14 09:46:32,953 - Error while receiving a control message (SocketClosed): received exception "peek of closed file"
2024-11-14 09:46:32,953 - Error while receiving a control message (SocketClosed): received exception "peek of closed file"
2024-11-14 09:46:32,953 - Error while receiving a control message (SocketClosed): received exception "peek of closed file"
2024-11-14 09:46:32,953 - Error while receiving a control message (SocketClosed): received exception "peek of closed file"
2024-11-14 09:46:32,953 - Error while receiving a control message (SocketClosed): received exception "peek of closed file"
2024-11-14 09:46:32,953 - Error while receiving a control message (SocketClosed): received exception "peek of closed file"
2024-11-14 09:46:32,953 - Error while receiving a control message (SocketClosed): received exception "peek of closed file"
2024-11-14 09:46:32,954 - Error while receiving a control message (SocketClosed): received exception "peek of closed file"
2024-11-14 09:46:32,954 - Error while receiving a control message (SocketClosed): received exception "peek of closed file"
2024-11-14 09:46:32,954 - Error while receiving a control message (SocketClosed): received exception "peek of closed file"
2024-11-14 09:46:32,954 - Error while receiving a control message (SocketClosed): received exception "peek of closed file"
2024-11-14 09:46:32,954 - Error while receiving a control message (SocketClosed): received exception "peek of closed file"
2024-11-14 09:46:32,954 - Error while receiving a control message (SocketClosed): received exception "peek of closed file"
2024-11-14 09:46:32,954 - Error while receiving a control message (SocketClosed): received exception "peek of closed file"
2024-11-14 09:46:32,954 - Error while receiving a control message (SocketClosed): received exception "peek of closed file"
2024-11-14 09:46:32,954 - Error while receiving a control message (SocketClosed): received exception "peek of closed file"
2024-11-14 09:46:32,954 - Error while receiving a control message (SocketClosed): received exception "peek of closed file"
2024-11-14 09:46:32,954 - Error while receiving a control message (SocketClosed): received exception "peek of closed file"
2024-11-14 09:46:32,954 - Error while receiving a control message (SocketClosed): received exception "peek of closed file"
2024-11-14 09:46:32,954 - Error while receiving a control message (SocketClosed): received exception "peek of closed file"
2024-11-14 09:46:32,954 - Error while receiving a control message (SocketClosed): received exception "peek of closed file"
2024-11-14 09:46:32,955 - Error while receiving a control message (SocketClosed): received exception "peek of closed file"
2024-11-14 09:46:32,955 - Error while receiving a control message (SocketClosed): received exception "peek of closed file"
2024-11-14 09:46:32,955 - Error while receiving a control message (SocketClosed): received exception "peek of closed file"
2024-11-14 09:46:32,955 - Error while receiving a control message (SocketClosed): received exception "peek of closed file"
2024-11-14 09:46:32,955 - Error while receiving a control message (SocketClosed): received exception "peek of closed file"
2024-11-14 09:46:32,955 - Error while receiving a control message (SocketClosed): received exception "peek of closed file"
2024-11-14 09:46:32,955 - Error while receiving a control message (SocketClosed): received exception "peek of closed file"
2024-11-14 09:46:32,955 - Error while receiving a control message (SocketClosed): received exception "peek of closed file"
2024-11-14 09:46:32,955 - Error while receiving a control message (SocketClosed): received exception "peek of closed file"
2024-11-14 09:46:32,955 - Error while receiving a control message (SocketClosed): received exception "peek of closed file"
2024-11-14 09:46:32,955 - Error while receiving a control message (SocketClosed): received exception "peek of closed file"
2024-11-14 09:46:32,955 - Error while receiving a control message (SocketClosed): received exception "peek of closed file"
2024-11-14 09:46:32,955 - Error while receiving a control message (SocketClosed): received exception "peek of closed file"
2024-11-14 09:46:32,956 - Error while receiving a control message (SocketClosed): received exception "peek of closed file"
2024-11-14 09:46:32,956 - Error while receiving a control message (SocketClosed): received exception "peek of closed file"
2024-11-14 09:46:32,956 - Error while receiving a control message (SocketClosed): received exception "peek of closed file"
2024-11-14 09:46:32,956 - Error while receiving a control message (SocketClosed): received exception "peek of closed file"
2024-11-14 09:46:32,956 - Error while receiving a control message (SocketClosed): received exception "peek of closed file"
2024-11-14 09:46:32,956 - Error while receiving a control message (SocketClosed): received exception "peek of closed file"
2024-11-14 09:46:32,956 - Error while receiving a control message (SocketClosed): received exception "peek of closed file"
2024-11-14 09:46:32,956 - Error while receiving a control message (SocketClosed): received exception "peek of closed file"
2024-11-14 09:46:32,956 - Error while receiving a control message (SocketClosed): received exception "peek of closed file"
2024-11-14 09:46:32,956 - Error while receiving a control message (SocketClosed): received exception "peek of closed file"
2024-11-14 09:46:32,956 - Error while receiving a control message (SocketClosed): received exception "peek of closed file"
2024-11-14 09:46:32,956 - Error while receiving a control message (SocketClosed): received exception "peek of closed file"
2024-11-14 09:46:32,956 - Error while receiving a control message (SocketClosed): received exception "peek of closed file"
2024-11-14 09:46:32,956 - Error while receiving a control message (SocketClosed): received exception "peek of closed file"
2024-11-14 09:46:32,956 - Error while receiving a control message (SocketClosed): received exception "peek of closed file"
2024-11-14 09:46:32,957 - Error while receiving a control message (SocketClosed): received exception "peek of closed file"
2024-11-17 15:02:46,556 - GETCONF __owningcontrollerprocess (runtime: 0.0004)
2024-11-17 15:02:46,574 - Error while receiving a control message (SocketClosed): received exception "read of closed file"
2024-11-17 15:02:56,641 - Failed to scrape http://55niksbd22qqaedkw36qw4cpofmbxdtbwonxam7ov2ga62zqbhgty3yd.onion/: SOCKSHTTPConnectionPool(host='55niksbd22qqaedkw36qw4cpofmbxdtbwonxam7ov2ga62zqbhgty3yd.onion', port=80): Max retries exceeded with url: / (Caused by ConnectTimeoutError(<urllib3.contrib.socks.SOCKSConnection object at 0x7fd25e1e5650>, 'Connection to 55niksbd22qqaedkw36qw4cpofmbxdtbwonxam7ov2ga62zqbhgty3yd.onion timed out. (connect timeout=10)'))
2024-11-17 15:03:06,655 - Failed to scrape http://s57divisqlcjtsyutxjz2ww77vlbwpxgodtijcsrgsuts4js5hnxkhqd.onion/: SOCKSHTTPConnectionPool(host='s57divisqlcjtsyutxjz2ww77vlbwpxgodtijcsrgsuts4js5hnxkhqd.onion', port=80): Max retries exceeded with url: / (Caused by ConnectTimeoutError(<urllib3.contrib.socks.SOCKSConnection object at 0x7fd25a9f69d0>, 'Connection to s57divisqlcjtsyutxjz2ww77vlbwpxgodtijcsrgsuts4js5hnxkhqd.onion timed out. (connect timeout=10)'))
2024-11-17 15:03:16,668 - Failed to scrape http://y22arit74fqnnc2pbieq3wqqvkfub6gnlegx3cl6thclos4f7ya7rvad.onion/: SOCKSHTTPConnectionPool(host='y22arit74fqnnc2pbieq3wqqvkfub6gnlegx3cl6thclos4f7ya7rvad.onion', port=80): Max retries exceeded with url: / (Caused by ConnectTimeoutError(<urllib3.contrib.socks.SOCKSConnection object at 0x7fd25a9fd850>, 'Connection to y22arit74fqnnc2pbieq3wqqvkfub6gnlegx3cl6thclos4f7ya7rvad.onion timed out. (connect timeout=10)'))
2024-11-17 15:03:26,682 - Failed to scrape http://xykxv6fmblogxgmzjm5wt6akdhm4wewiarjzcngev4tupgjlyugmc7qd.onion/: SOCKSHTTPConnectionPool(host='xykxv6fmblogxgmzjm5wt6akdhm4wewiarjzcngev4tupgjlyugmc7qd.onion', port=80): Max retries exceeded with url: / (Caused by ConnectTimeoutError(<urllib3.contrib.socks.SOCKSConnection object at 0x7fd25aa0c6d0>, 'Connection to xykxv6fmblogxgmzjm5wt6akdhm4wewiarjzcngev4tupgjlyugmc7qd.onion timed out. (connect timeout=10)'))
2024-11-17 15:03:36,695 - Failed to scrape http://qazkxav4zzmt5xwfw6my362jdwhzrcafz7qpd5kugfgx7z7il5lyb6ad.onion/: SOCKSHTTPConnectionPool(host='qazkxav4zzmt5xwfw6my362jdwhzrcafz7qpd5kugfgx7z7il5lyb6ad.onion', port=80): Max retries exceeded with url: / (Caused by ConnectTimeoutError(<urllib3.contrib.socks.SOCKSConnection object at 0x7fd25a9fd010>, 'Connection to qazkxav4zzmt5xwfw6my362jdwhzrcafz7qpd5kugfgx7z7il5lyb6ad.onion timed out. (connect timeout=10)'))
2024-11-17 15:03:46,708 - Failed to scrape http://k6m3fagp4w4wspmdt23fldnwrmknse74gmxosswvaxf3ciasficpenad.onion/: SOCKSHTTPConnectionPool(host='k6m3fagp4w4wspmdt23fldnwrmknse74gmxosswvaxf3ciasficpenad.onion', port=80): Max retries exceeded with url: / (Caused by ConnectTimeoutError(<urllib3.contrib.socks.SOCKSConnection object at 0x7fd25a9f7390>, 'Connection to k6m3fagp4w4wspmdt23fldnwrmknse74gmxosswvaxf3ciasficpenad.onion timed out. (connect timeout=10)'))
2024-11-17 15:03:56,721 - Failed to scrape http://lqcjo7esbfog5t4r4gyy7jurpzf6cavpfmc4vkal4k2g4ie66ao5mryd.onion/: SOCKSHTTPConnectionPool(host='lqcjo7esbfog5t4r4gyy7jurpzf6cavpfmc4vkal4k2g4ie66ao5mryd.onion', port=80): Max retries exceeded with url: / (Caused by ConnectTimeoutError(<urllib3.contrib.socks.SOCKSConnection object at 0x7fd25a9e0310>, 'Connection to lqcjo7esbfog5t4r4gyy7jurpzf6cavpfmc4vkal4k2g4ie66ao5mryd.onion timed out. (connect timeout=10)'))
2024-11-17 15:04:06,735 - Failed to scrape http://3bp7szl6ehbrnitmbyxzvcm3ieu7ba2kys64oecf4g2b65mcgbafzgqd.onion/: SOCKSHTTPConnectionPool(host='3bp7szl6ehbrnitmbyxzvcm3ieu7ba2kys64oecf4g2b65mcgbafzgqd.onion', port=80): Max retries exceeded with url: / (Caused by ConnectTimeoutError(<urllib3.contrib.socks.SOCKSConnection object at 0x7fd25aa0f550>, 'Connection to 3bp7szl6ehbrnitmbyxzvcm3ieu7ba2kys64oecf4g2b65mcgbafzgqd.onion timed out. (connect timeout=10)'))
2024-11-17 15:04:16,748 - Failed to scrape http://kq4okz5kf4xosbsnvdr45uukjhbm4oameb6k6agjjsydycvflcewl4qd.onion/: SOCKSHTTPConnectionPool(host='kq4okz5kf4xosbsnvdr45uukjhbm4oameb6k6agjjsydycvflcewl4qd.onion', port=80): Max retries exceeded with url: / (Caused by ConnectTimeoutError(<urllib3.contrib.socks.SOCKSConnection object at 0x7fd25a9c4950>, 'Connection to kq4okz5kf4xosbsnvdr45uukjhbm4oameb6k6agjjsydycvflcewl4qd.onion timed out. (connect timeout=10)'))
2024-11-17 15:04:26,761 - Failed to scrape http://t43fsf65omvf7grt46wlt2eo5jbj3hafyvbdb7jtr2biyre5v24pebad.onion/: SOCKSHTTPConnectionPool(host='t43fsf65omvf7grt46wlt2eo5jbj3hafyvbdb7jtr2biyre5v24pebad.onion', port=80): Max retries exceeded with url: / (Caused by ConnectTimeoutError(<urllib3.contrib.socks.SOCKSConnection object at 0x7fd25a9f4a90>, 'Connection to t43fsf65omvf7grt46wlt2eo5jbj3hafyvbdb7jtr2biyre5v24pebad.onion timed out. (connect timeout=10)'))
2024-11-17 15:04:36,774 - Failed to scrape http://rfyb5tlhiqtiavwhikdlvb3fumxgqwtg2naanxtiqibidqlox5vispqd.onion/: SOCKSHTTPConnectionPool(host='rfyb5tlhiqtiavwhikdlvb3fumxgqwtg2naanxtiqibidqlox5vispqd.onion', port=80): Max retries exceeded with url: / (Caused by ConnectTimeoutError(<urllib3.contrib.socks.SOCKSConnection object at 0x7fd25a9f7fd0>, 'Connection to rfyb5tlhiqtiavwhikdlvb3fumxgqwtg2naanxtiqibidqlox5vispqd.onion timed out. (connect timeout=10)'))
2024-11-17 15:04:46,788 - Failed to scrape http://7mejofwihleuugda5kfnr7tupvfbaqntjqnfxc4hwmozlcmj2cey3hqd.onion/: SOCKSHTTPConnectionPool(host='7mejofwihleuugda5kfnr7tupvfbaqntjqnfxc4hwmozlcmj2cey3hqd.onion', port=80): Max retries exceeded with url: / (Caused by ConnectTimeoutError(<urllib3.contrib.socks.SOCKSConnection object at 0x7fd25aa0d2d0>, 'Connection to 7mejofwihleuugda5kfnr7tupvfbaqntjqnfxc4hwmozlcmj2cey3hqd.onion timed out. (connect timeout=10)'))
2024-11-17 15:04:56,798 - Failed to scrape http://spywaredrcdg5krvjnukp3vbdwiqcv3zwbrcg6qh27kiwecm4qyfphid.onion/: SOCKSHTTPConnectionPool(host='spywaredrcdg5krvjnukp3vbdwiqcv3zwbrcg6qh27kiwecm4qyfphid.onion', port=80): Max retries exceeded with url: / (Caused by ConnectTimeoutError(<urllib3.contrib.socks.SOCKSConnection object at 0x7fd25aa1a450>, 'Connection to spywaredrcdg5krvjnukp3vbdwiqcv3zwbrcg6qh27kiwecm4qyfphid.onion timed out. (connect timeout=10)'))
2024-11-17 15:05:06,810 - Failed to scrape https://hidden.wiki/: SOCKSHTTPSConnectionPool(host='hidden.wiki', port=443): Max retries exceeded with url: / (Caused by ConnectTimeoutError(<urllib3.contrib.socks.SOCKSHTTPSConnection object at 0x7fd25a9fcad0>, 'Connection to hidden.wiki timed out. (connect timeout=10)'))
2024-11-17 15:08:06,949 - GETCONF __owningcontrollerprocess (runtime: 0.0005)
2024-11-17 15:08:06,950 - Error while receiving a control message (SocketClosed): received exception "read of closed file"
2024-11-17 15:08:16,967 - Failed to scrape http://55niksbd22qqaedkw36qw4cpofmbxdtbwonxam7ov2ga62zqbhgty3yd.onion/: SOCKSHTTPConnectionPool(host='55niksbd22qqaedkw36qw4cpofmbxdtbwonxam7ov2ga62zqbhgty3yd.onion', port=80): Max retries exceeded with url: / (Caused by ConnectTimeoutError(<urllib3.contrib.socks.SOCKSConnection object at 0x7f2e29b84a90>, 'Connection to 55niksbd22qqaedkw36qw4cpofmbxdtbwonxam7ov2ga62zqbhgty3yd.onion timed out. (connect timeout=10)'))
2024-11-17 15:08:26,981 - Failed to scrape http://s57divisqlcjtsyutxjz2ww77vlbwpxgodtijcsrgsuts4js5hnxkhqd.onion/: SOCKSHTTPConnectionPool(host='s57divisqlcjtsyutxjz2ww77vlbwpxgodtijcsrgsuts4js5hnxkhqd.onion', port=80): Max retries exceeded with url: / (Caused by ConnectTimeoutError(<urllib3.contrib.socks.SOCKSConnection object at 0x7f2e29b86a50>, 'Connection to s57divisqlcjtsyutxjz2ww77vlbwpxgodtijcsrgsuts4js5hnxkhqd.onion timed out. (connect timeout=10)'))
2024-11-17 15:08:36,990 - Failed to scrape http://y22arit74fqnnc2pbieq3wqqvkfub6gnlegx3cl6thclos4f7ya7rvad.onion/: SOCKSHTTPConnectionPool(host='y22arit74fqnnc2pbieq3wqqvkfub6gnlegx3cl6thclos4f7ya7rvad.onion', port=80): Max retries exceeded with url: / (Caused by ConnectTimeoutError(<urllib3.contrib.socks.SOCKSConnection object at 0x7f2e29b918d0>, 'Connection to y22arit74fqnnc2pbieq3wqqvkfub6gnlegx3cl6thclos4f7ya7rvad.onion timed out. (connect timeout=10)'))
2024-11-17 15:08:46,999 - Failed to scrape http://xykxv6fmblogxgmzjm5wt6akdhm4wewiarjzcngev4tupgjlyugmc7qd.onion/: SOCKSHTTPConnectionPool(host='xykxv6fmblogxgmzjm5wt6akdhm4wewiarjzcngev4tupgjlyugmc7qd.onion', port=80): Max retries exceeded with url: / (Caused by ConnectTimeoutError(<urllib3.contrib.socks.SOCKSConnection object at 0x7f2e29b9c750>, 'Connection to xykxv6fmblogxgmzjm5wt6akdhm4wewiarjzcngev4tupgjlyugmc7qd.onion timed out. (connect timeout=10)'))
2024-11-17 15:08:57,013 - Failed to scrape http://qazkxav4zzmt5xwfw6my362jdwhzrcafz7qpd5kugfgx7z7il5lyb6ad.onion/: SOCKSHTTPConnectionPool(host='qazkxav4zzmt5xwfw6my362jdwhzrcafz7qpd5kugfgx7z7il5lyb6ad.onion', port=80): Max retries exceeded with url: / (Caused by ConnectTimeoutError(<urllib3.contrib.socks.SOCKSConnection object at 0x7f2e29b92d10>, 'Connection to qazkxav4zzmt5xwfw6my362jdwhzrcafz7qpd5kugfgx7z7il5lyb6ad.onion timed out. (connect timeout=10)'))
2024-11-17 15:09:07,026 - Failed to scrape http://k6m3fagp4w4wspmdt23fldnwrmknse74gmxosswvaxf3ciasficpenad.onion/: SOCKSHTTPConnectionPool(host='k6m3fagp4w4wspmdt23fldnwrmknse74gmxosswvaxf3ciasficpenad.onion', port=80): Max retries exceeded with url: / (Caused by ConnectTimeoutError(<urllib3.contrib.socks.SOCKSConnection object at 0x7f2e29b91150>, 'Connection to k6m3fagp4w4wspmdt23fldnwrmknse74gmxosswvaxf3ciasficpenad.onion timed out. (connect timeout=10)'))
2024-11-17 15:09:17,039 - Failed to scrape http://lqcjo7esbfog5t4r4gyy7jurpzf6cavpfmc4vkal4k2g4ie66ao5mryd.onion/: SOCKSHTTPConnectionPool(host='lqcjo7esbfog5t4r4gyy7jurpzf6cavpfmc4vkal4k2g4ie66ao5mryd.onion', port=80): Max retries exceeded with url: / (Caused by ConnectTimeoutError(<urllib3.contrib.socks.SOCKSConnection object at 0x7f2e29b5ff50>, 'Connection to lqcjo7esbfog5t4r4gyy7jurpzf6cavpfmc4vkal4k2g4ie66ao5mryd.onion timed out. (connect timeout=10)'))
2024-11-17 15:09:27,052 - Failed to scrape http://3bp7szl6ehbrnitmbyxzvcm3ieu7ba2kys64oecf4g2b65mcgbafzgqd.onion/: SOCKSHTTPConnectionPool(host='3bp7szl6ehbrnitmbyxzvcm3ieu7ba2kys64oecf4g2b65mcgbafzgqd.onion', port=80): Max retries exceeded with url: / (Caused by ConnectTimeoutError(<urllib3.contrib.socks.SOCKSConnection object at 0x7f2e29b9f610>, 'Connection to 3bp7szl6ehbrnitmbyxzvcm3ieu7ba2kys64oecf4g2b65mcgbafzgqd.onion timed out. (connect timeout=10)'))
2024-11-17 15:09:37,059 - Failed to scrape http://kq4okz5kf4xosbsnvdr45uukjhbm4oameb6k6agjjsydycvflcewl4qd.onion/: SOCKSHTTPConnectionPool(host='kq4okz5kf4xosbsnvdr45uukjhbm4oameb6k6agjjsydycvflcewl4qd.onion', port=80): Max retries exceeded with url: / (Caused by ConnectTimeoutError(<urllib3.contrib.socks.SOCKSConnection object at 0x7f2e29baa050>, 'Connection to kq4okz5kf4xosbsnvdr45uukjhbm4oameb6k6agjjsydycvflcewl4qd.onion timed out. (connect timeout=10)'))
2024-11-17 15:09:47,073 - Failed to scrape http://t43fsf65omvf7grt46wlt2eo5jbj3hafyvbdb7jtr2biyre5v24pebad.onion/: SOCKSHTTPConnectionPool(host='t43fsf65omvf7grt46wlt2eo5jbj3hafyvbdb7jtr2biyre5v24pebad.onion', port=80): Max retries exceeded with url: / (Caused by ConnectTimeoutError(<urllib3.contrib.socks.SOCKSConnection object at 0x7f2e29b875d0>, 'Connection to t43fsf65omvf7grt46wlt2eo5jbj3hafyvbdb7jtr2biyre5v24pebad.onion timed out. (connect timeout=10)'))
2024-11-17 15:09:57,085 - Failed to scrape http://rfyb5tlhiqtiavwhikdlvb3fumxgqwtg2naanxtiqibidqlox5vispqd.onion/: SOCKSHTTPConnectionPool(host='rfyb5tlhiqtiavwhikdlvb3fumxgqwtg2naanxtiqibidqlox5vispqd.onion', port=80): Max retries exceeded with url: / (Caused by ConnectTimeoutError(<urllib3.contrib.socks.SOCKSConnection object at 0x7f2e29b9fa90>, 'Connection to rfyb5tlhiqtiavwhikdlvb3fumxgqwtg2naanxtiqibidqlox5vispqd.onion timed out. (connect timeout=10)'))
2024-11-17 15:10:07,098 - Failed to scrape http://7mejofwihleuugda5kfnr7tupvfbaqntjqnfxc4hwmozlcmj2cey3hqd.onion/: SOCKSHTTPConnectionPool(host='7mejofwihleuugda5kfnr7tupvfbaqntjqnfxc4hwmozlcmj2cey3hqd.onion', port=80): Max retries exceeded with url: / (Caused by ConnectTimeoutError(<urllib3.contrib.socks.SOCKSConnection object at 0x7f2e29b92710>, 'Connection to 7mejofwihleuugda5kfnr7tupvfbaqntjqnfxc4hwmozlcmj2cey3hqd.onion timed out. (connect timeout=10)'))
2024-11-17 15:10:17,112 - Failed to scrape http://spywaredrcdg5krvjnukp3vbdwiqcv3zwbrcg6qh27kiwecm4qyfphid.onion/: SOCKSHTTPConnectionPool(host='spywaredrcdg5krvjnukp3vbdwiqcv3zwbrcg6qh27kiwecm4qyfphid.onion', port=80): Max retries exceeded with url: / (Caused by ConnectTimeoutError(<urllib3.contrib.socks.SOCKSConnection object at 0x7f2e29ba8d90>, 'Connection to spywaredrcdg5krvjnukp3vbdwiqcv3zwbrcg6qh27kiwecm4qyfphid.onion timed out. (connect timeout=10)'))
2024-11-17 15:10:27,126 - Failed to scrape https://hidden.wiki/: SOCKSHTTPSConnectionPool(host='hidden.wiki', port=443): Max retries exceeded with url: / (Caused by ConnectTimeoutError(<urllib3.contrib.socks.SOCKSHTTPSConnection object at 0x7f2e2a4094d0>, 'Connection to hidden.wiki timed out. (connect timeout=10)'))
2024-11-17 15:10:53,773 - GETCONF __owningcontrollerprocess (runtime: 0.0004)
2024-11-17 15:10:53,774 - Error while receiving a control message (SocketClosed): empty socket content
2024-11-17 15:10:53,774 - Error while receiving a control message (SocketClosed): empty socket content
2024-11-17 15:10:53,775 - Error while receiving a control message (SocketClosed): empty socket content
2024-11-17 15:10:53,775 - Error while receiving a control message (SocketClosed): empty socket content
2024-11-17 15:10:53,775 - Error while receiving a control message (SocketClosed): empty socket content
2024-11-17 15:10:53,775 - Error while receiving a control message (SocketClosed): empty socket content
2024-11-17 15:10:53,775 - Error while receiving a control message (SocketClosed): empty socket content
2024-11-17 15:10:53,775 - Error while receiving a control message (SocketClosed): empty socket content
2024-11-17 15:10:53,775 - Error while receiving a control message (SocketClosed): empty socket content
2024-11-17 15:10:53,775 - Error while receiving a control message (SocketClosed): empty socket content
2024-11-17 15:10:53,775 - Error while receiving a control message (SocketClosed): empty socket content
2024-11-17 15:10:53,776 - Error while receiving a control message (SocketClosed): empty socket content
2024-11-17 15:10:53,776 - Error while receiving a control message (SocketClosed): empty socket content
2024-11-17 15:10:53,776 - Error while receiving a control message (SocketClosed): empty socket content
2024-11-17 15:10:53,776 - Error while receiving a control message (SocketClosed): empty socket content
2024-11-17 15:10:53,776 - Error while receiving a control message (SocketClosed): empty socket content
2024-11-17 15:10:53,776 - Error while receiving a control message (SocketClosed): empty socket content
2024-11-17 15:10:53,776 - Error while receiving a control message (SocketClosed): empty socket content
2024-11-17 15:10:53,776 - Error while receiving a control message (SocketClosed): empty socket content
2024-11-17 15:10:53,776 - Error while receiving a control message (SocketClosed): empty socket content
2024-11-17 15:10:53,776 - Error while receiving a control message (SocketClosed): empty socket content
2024-11-17 15:10:53,776 - Error while receiving a control message (SocketClosed): empty socket content
2024-11-17 15:10:53,777 - Error while receiving a control message (SocketClosed): empty socket content
2024-11-17 15:10:53,777 - Error while receiving a control message (SocketClosed): empty socket content
2024-11-17 15:10:53,777 - Error while receiving a control message (SocketClosed): empty socket content
2024-11-17 15:10:53,777 - Error while receiving a control message (SocketClosed): empty socket content
2024-11-17 15:10:53,777 - Error while receiving a control message (SocketClosed): empty socket content
2024-11-17 15:10:53,777 - Error while receiving a control message (SocketClosed): empty socket content
2024-11-17 15:10:53,777 - Error while receiving a control message (SocketClosed): empty socket content
2024-11-17 15:10:53,777 - Error while receiving a control message (SocketClosed): empty socket content
2024-11-17 15:10:53,777 - Error while receiving a control message (SocketClosed): empty socket content
2024-11-17 15:10:53,777 - Error while receiving a control message (SocketClosed): empty socket content
2024-11-17 15:10:53,777 - Error while receiving a control message (SocketClosed): empty socket content
2024-11-17 15:10:53,778 - Error while receiving a control message (SocketClosed): empty socket content
2024-11-17 15:10:53,778 - Error while receiving a control message (SocketClosed): received exception "[Errno 9] Bad file descriptor"
2024-11-17 15:18:48,294 - GETCONF __owningcontrollerprocess (runtime: 0.0005)
2024-11-17 15:18:48,325 - Error while receiving a control message (SocketClosed): empty socket content
2024-11-17 15:18:48,325 - Error while receiving a control message (SocketClosed): empty socket content
2024-11-17 15:18:48,326 - Error while receiving a control message (SocketClosed): empty socket content
2024-11-17 15:18:48,326 - Error while receiving a control message (SocketClosed): empty socket content
2024-11-17 15:18:48,326 - Error while receiving a control message (SocketClosed): empty socket content
2024-11-17 15:18:48,326 - Error while receiving a control message (SocketClosed): empty socket content
2024-11-17 15:18:48,326 - Error while receiving a control message (SocketClosed): empty socket content
2024-11-17 15:18:48,326 - Error while receiving a control message (SocketClosed): empty socket content
2024-11-17 15:18:48,327 - Error while receiving a control message (SocketClosed): empty socket content
2024-11-17 15:18:48,327 - Error while receiving a control message (SocketClosed): empty socket content
2024-11-17 15:18:48,327 - Error while receiving a control message (SocketClosed): empty socket content
2024-11-17 15:18:48,327 - Error while receiving a control message (SocketClosed): empty socket content
2024-11-17 15:18:48,328 - Error while receiving a control message (SocketClosed): empty socket content
2024-11-17 15:18:55,621 - Matches found on http://55niksbd22qqaedkw36qw4cpofmbxdtbwonxam7ov2ga62zqbhgty3yd.onion/: {'bitcoin': [], 'credit card': ['CREDIT CARD', 'Credit Card'], 'ransomware': [], 'hacker tools': [], 'bounty': [], 'drugs': [], 'weapons': [], 'guns': [], 'spyware': [], 'Aadhar': [], 'Account Number': [], 'Account No.': [], 'Ransome': [], 'Ransomware': [], 'Fraud': [], 'Fake': []}
2024-11-17 15:18:59,860 - Matches found on http://s57divisqlcjtsyutxjz2ww77vlbwpxgodtijcsrgsuts4js5hnxkhqd.onion/: {'bitcoin': [], 'credit card': [], 'ransomware': [], 'hacker tools': [], 'bounty': [], 'drugs': [], 'weapons': [], 'guns': [], 'spyware': [], 'Aadhar': [], 'Account Number': [], 'Account No.': [], 'Ransome': [], 'Ransomware': [], 'Fraud': [], 'Fake': ['fake']}
2024-11-17 15:19:03,382 - Matches found on http://y22arit74fqnnc2pbieq3wqqvkfub6gnlegx3cl6thclos4f7ya7rvad.onion/: {'bitcoin': ['bitcoin', 'bitcoin', 'bitcoin', 'bitcoin', 'bitcoin', 'bitcoin', 'bitcoin', 'bitcoin', 'bitcoin'], 'credit card': [], 'ransomware': [], 'hacker tools': [], 'bounty': [], 'drugs': [], 'weapons': [], 'guns': [], 'spyware': [], 'Aadhar': [], 'Account Number': [], 'Account No.': [], 'Ransome': [], 'Ransomware': [], 'Fraud': [], 'Fake': []}
2024-11-17 15:19:08,293 - Matches found on http://xykxv6fmblogxgmzjm5wt6akdhm4wewiarjzcngev4tupgjlyugmc7qd.onion/: {'bitcoin': ['bitcoin'], 'credit card': [], 'ransomware': [], 'hacker tools': [], 'bounty': [], 'drugs': [], 'weapons': [], 'guns': [], 'spyware': [], 'Aadhar': [], 'Account Number': [], 'Account No.': [], 'Ransome': [], 'Ransomware': [], 'Fraud': [], 'Fake': []}
2024-11-17 15:19:11,941 - Matches found on http://qazkxav4zzmt5xwfw6my362jdwhzrcafz7qpd5kugfgx7z7il5lyb6ad.onion/: {'bitcoin': ['Bitcoin'], 'credit card': [], 'ransomware': [], 'hacker tools': [], 'bounty': [], 'drugs': [], 'weapons': [], 'guns': [], 'spyware': [], 'Aadhar': [], 'Account Number': [], 'Account No.': [], 'Ransome': [], 'Ransomware': [], 'Fraud': [], 'Fake': ['fake']}
2024-11-17 15:19:15,943 - Matches found on http://k6m3fagp4w4wspmdt23fldnwrmknse74gmxosswvaxf3ciasficpenad.onion/: {'bitcoin': ['Bitcoin'], 'credit card': [], 'ransomware': [], 'hacker tools': [], 'bounty': [], 'drugs': [], 'weapons': ['weapons'], 'guns': ['Guns', 'guns', 'Guns'], 'spyware': [], 'Aadhar': [], 'Account Number': [], 'Account No.': [], 'Ransome': [], 'Ransomware': [], 'Fraud': [], 'Fake': []}
2024-11-17 15:19:20,236 - Matches found on http://lqcjo7esbfog5t4r4gyy7jurpzf6cavpfmc4vkal4k2g4ie66ao5mryd.onion/: {'bitcoin': [], 'credit card': [], 'ransomware': [], 'hacker tools': [], 'bounty': [], 'drugs': [], 'weapons': [], 'guns': [], 'spyware': [], 'Aadhar': [], 'Account Number': [], 'Account No.': [], 'Ransome': [], 'Ransomware': [], 'Fraud': [], 'Fake': ['Fake', 'Fake', 'fake']}
2024-11-17 15:19:23,812 - Matches found on http://3bp7szl6ehbrnitmbyxzvcm3ieu7ba2kys64oecf4g2b65mcgbafzgqd.onion/: {'bitcoin': ['bitcoin'], 'credit card': [], 'ransomware': [], 'hacker tools': [], 'bounty': [], 'drugs': [], 'weapons': [], 'guns': [], 'spyware': [], 'Aadhar': [], 'Account Number': [], 'Account No.': [], 'Ransome': [], 'Ransomware': [], 'Fraud': [], 'Fake': ['fake']}
2024-11-17 15:19:27,575 - Matches found on http://kq4okz5kf4xosbsnvdr45uukjhbm4oameb6k6agjjsydycvflcewl4qd.onion/: {'bitcoin': ['Bitcoin'], 'credit card': [], 'ransomware': [], 'hacker tools': [], 'bounty': [], 'drugs': [], 'weapons': [], 'guns': [], 'spyware': [], 'Aadhar': [], 'Account Number': [], 'Account No.': [], 'Ransome': [], 'Ransomware': [], 'Fraud': [], 'Fake': []}
2024-11-17 15:19:30,882 - Matches found on http://t43fsf65omvf7grt46wlt2eo5jbj3hafyvbdb7jtr2biyre5v24pebad.onion/: {'bitcoin': ['Bitcoin'], 'credit card': [], 'ransomware': [], 'hacker tools': [], 'bounty': [], 'drugs': [], 'weapons': [], 'guns': ['Guns', 'guns', 'guns'], 'spyware': [], 'Aadhar': [], 'Account Number': [], 'Account No.': [], 'Ransome': [], 'Ransomware': [], 'Fraud': [], 'Fake': []}
2024-11-17 15:19:34,606 - Matches found on http://rfyb5tlhiqtiavwhikdlvb3fumxgqwtg2naanxtiqibidqlox5vispqd.onion/: {'bitcoin': [], 'credit card': [], 'ransomware': [], 'hacker tools': [], 'bounty': [], 'drugs': ['drugs'], 'weapons': [], 'guns': [], 'spyware': [], 'Aadhar': [], 'Account Number': [], 'Account No.': [], 'Ransome': [], 'Ransomware': [], 'Fraud': [], 'Fake': []}
2024-11-17 15:19:38,353 - Matches found on http://7mejofwihleuugda5kfnr7tupvfbaqntjqnfxc4hwmozlcmj2cey3hqd.onion/: {'bitcoin': ['bitcoin', 'bitcoin', 'bitcoin'], 'credit card': [], 'ransomware': [], 'hacker tools': [], 'bounty': [], 'drugs': [], 'weapons': [], 'guns': [], 'spyware': [], 'Aadhar': [], 'Account Number': [], 'Account No.': [], 'Ransome': [], 'Ransomware': [], 'Fraud': [], 'Fake': []}
2024-11-17 15:19:43,074 - Failed to scrape http://spywaredrcdg5krvjnukp3vbdwiqcv3zwbrcg6qh27kiwecm4qyfphid.onion/: SOCKSHTTPConnectionPool(host='spywaredrcdg5krvjnukp3vbdwiqcv3zwbrcg6qh27kiwecm4qyfphid.onion', port=80): Max retries exceeded with url: / (Caused by NewConnectionError('<urllib3.contrib.socks.SOCKSConnection object at 0x7ff7019f05d0>: Failed to establish a new connection: 0x04: Host unreachable'))
2024-11-17 15:19:44,713 - Matches found on https://hidden.wiki/: {'bitcoin': ['Bitcoin', 'bitcoin', 'Bitcoin', 'Bitcoin', 'bitcoin', 'bitcoin', 'Bitcoin', 'Bitcoin', 'bitcoin', 'Bitcoin', 'bitcoin', 'Bitcoin', 'Bitcoin', 'Bitcoin', 'Bitcoin', 'bitcoin', 'Bitcoin', 'Bitcoin', 'Bitcoin', 'Bitcoin', 'Bitcoin', 'Bitcoin', 'bitcoin', 'Bitcoin', 'bitcoin', 'bitcoin'], 'credit card': [], 'ransomware': [], 'hacker tools': [], 'bounty': [], 'drugs': [], 'weapons': ['weapons'], 'guns': ['Guns', 'Guns'], 'spyware': ['spyware', 'Spyware'], 'Aadhar': [], 'Account Number': [], 'Account No.': [], 'Ransome': [], 'Ransomware': [], 'Fraud': [], 'Fake': ['fake', 'fake', 'Fake']}
2024-11-17 15:23:10,340 - GETCONF __owningcontrollerprocess (runtime: 0.0004)
2024-11-17 15:23:10,351 - Error while receiving a control message (SocketClosed): received exception "read of closed file"
2024-11-17 15:28:08,118 - GETCONF __owningcontrollerprocess (runtime: 0.0004)
2024-11-17 15:28:08,129 - Error while receiving a control message (SocketClosed): received exception "read of closed file"
2024-11-17 15:28:08,130 - Error while receiving a control message (SocketClosed): received exception "peek of closed file"
2024-11-17 15:28:08,130 - Error while receiving a control message (SocketClosed): received exception "peek of closed file"
2024-11-17 15:28:08,130 - Error while receiving a control message (SocketClosed): received exception "peek of closed file"
2024-11-17 15:28:08,130 - Error while receiving a control message (SocketClosed): received exception "peek of closed file"
2024-11-17 15:28:08,130 - Error while receiving a control message (SocketClosed): received exception "peek of closed file"
2024-11-17 15:28:08,130 - Error while receiving a control message (SocketClosed): received exception "peek of closed file"
2024-11-17 15:28:08,131 - Error while receiving a control message (SocketClosed): received exception "peek of closed file"
2024-11-17 15:28:08,131 - Error while receiving a control message (SocketClosed): received exception "peek of closed file"
2024-11-17 15:28:08,131 - Error while receiving a control message (SocketClosed): received exception "peek of closed file"
2024-11-17 15:28:08,131 - Error while receiving a control message (SocketClosed): received exception "peek of closed file"
2024-11-17 15:28:08,131 - Error while receiving a control message (SocketClosed): received exception "peek of closed file"
2024-11-17 15:28:08,131 - Error while receiving a control message (SocketClosed): received exception "peek of closed file"
2024-11-17 15:28:08,131 - Error while receiving a control message (SocketClosed): received exception "peek of closed file"
2024-11-17 15:28:08,131 - Error while receiving a control message (SocketClosed): received exception "peek of closed file"
2024-11-17 15:28:08,131 - Error while receiving a control message (SocketClosed): received exception "peek of closed file"
2024-11-17 15:28:08,132 - Error while receiving a control message (SocketClosed): received exception "peek of closed file"
2024-11-17 15:28:08,132 - Error while receiving a control message (SocketClosed): received exception "peek of closed file"
2024-11-17 15:28:08,132 - Error while receiving a control message (SocketClosed): received exception "peek of closed file"
2024-11-17 15:28:08,132 - Error while receiving a control message (SocketClosed): received exception "peek of closed file"
2024-11-17 15:28:08,132 - Error while receiving a control message (SocketClosed): received exception "peek of closed file"
2024-11-17 15:28:08,132 - Error while receiving a control message (SocketClosed): received exception "peek of closed file"
2024-11-17 15:28:08,132 - Error while receiving a control message (SocketClosed): received exception "peek of closed file"
2024-11-17 15:28:08,132 - Error while receiving a control message (SocketClosed): received exception "peek of closed file"
2024-11-17 15:28:08,132 - Error while receiving a control message (SocketClosed): received exception "peek of closed file"
2024-11-17 15:28:08,132 - Error while receiving a control message (SocketClosed): received exception "peek of closed file"
2024-11-17 15:28:08,133 - Error while receiving a control message (SocketClosed): received exception "peek of closed file"
2024-11-17 15:28:08,133 - Error while receiving a control message (SocketClosed): received exception "peek of closed file"
2024-11-17 15:28:08,133 - Error while receiving a control message (SocketClosed): received exception "peek of closed file"
2024-11-17 15:28:08,133 - Error while receiving a control message (SocketClosed): received exception "peek of closed file"
2024-11-17 15:28:08,133 - Error while receiving a control message (SocketClosed): received exception "peek of closed file"
2024-11-17 15:28:08,133 - Error while receiving a control message (SocketClosed): received exception "peek of closed file"
2024-11-17 15:28:15,388 - Matches found on http://55niksbd22qqaedkw36qw4cpofmbxdtbwonxam7ov2ga62zqbhgty3yd.onion/: {'bitcoin': 0, 'credit card': 2, 'ransomware': 0, 'hacker tools': 0, 'bounty': 0, 'drugs': 0, 'weapons': 0, 'guns': 0, 'spyware': 0, 'Aadhar': 0, 'Account Number': 0, 'Account No.': 0, 'Ransome': 0, 'Ransomware': 0, 'Fraud': 0, 'Fake': 0}
2024-11-17 15:28:20,175 - Matches found on http://s57divisqlcjtsyutxjz2ww77vlbwpxgodtijcsrgsuts4js5hnxkhqd.onion/: {'bitcoin': 0, 'credit card': 0, 'ransomware': 0, 'hacker tools': 0, 'bounty': 0, 'drugs': 0, 'weapons': 0, 'guns': 0, 'spyware': 0, 'Aadhar': 0, 'Account Number': 0, 'Account No.': 0, 'Ransome': 0, 'Ransomware': 0, 'Fraud': 0, 'Fake': 1}
2024-11-17 15:28:25,204 - Matches found on http://y22arit74fqnnc2pbieq3wqqvkfub6gnlegx3cl6thclos4f7ya7rvad.onion/: {'bitcoin': 9, 'credit card': 0, 'ransomware': 0, 'hacker tools': 0, 'bounty': 0, 'drugs': 0, 'weapons': 0, 'guns': 0, 'spyware': 0, 'Aadhar': 0, 'Account Number': 0, 'Account No.': 0, 'Ransome': 0, 'Ransomware': 0, 'Fraud': 0, 'Fake': 0}
2024-11-17 15:28:29,096 - Matches found on http://xykxv6fmblogxgmzjm5wt6akdhm4wewiarjzcngev4tupgjlyugmc7qd.onion/: {'bitcoin': 1, 'credit card': 0, 'ransomware': 0, 'hacker tools': 0, 'bounty': 0, 'drugs': 0, 'weapons': 0, 'guns': 0, 'spyware': 0, 'Aadhar': 0, 'Account Number': 0, 'Account No.': 0, 'Ransome': 0, 'Ransomware': 0, 'Fraud': 0, 'Fake': 0}
2024-11-17 15:28:34,370 - Matches found on http://qazkxav4zzmt5xwfw6my362jdwhzrcafz7qpd5kugfgx7z7il5lyb6ad.onion/: {'bitcoin': 1, 'credit card': 0, 'ransomware': 0, 'hacker tools': 0, 'bounty': 0, 'drugs': 0, 'weapons': 0, 'guns': 0, 'spyware': 0, 'Aadhar': 0, 'Account Number': 0, 'Account No.': 0, 'Ransome': 0, 'Ransomware': 0, 'Fraud': 0, 'Fake': 1}
2024-11-17 15:28:38,897 - Matches found on http://k6m3fagp4w4wspmdt23fldnwrmknse74gmxosswvaxf3ciasficpenad.onion/: {'bitcoin': 1, 'credit card': 0, 'ransomware': 0, 'hacker tools': 0, 'bounty': 0, 'drugs': 0, 'weapons': 1, 'guns': 3, 'spyware': 0, 'Aadhar': 0, 'Account Number': 0, 'Account No.': 0, 'Ransome': 0, 'Ransomware': 0, 'Fraud': 0, 'Fake': 0}
2024-11-17 15:28:45,635 - Matches found on http://lqcjo7esbfog5t4r4gyy7jurpzf6cavpfmc4vkal4k2g4ie66ao5mryd.onion/: {'bitcoin': 0, 'credit card': 0, 'ransomware': 0, 'hacker tools': 0, 'bounty': 0, 'drugs': 0, 'weapons': 0, 'guns': 0, 'spyware': 0, 'Aadhar': 0, 'Account Number': 0, 'Account No.': 0, 'Ransome': 0, 'Ransomware': 0, 'Fraud': 0, 'Fake': 3}
2024-11-17 15:28:50,557 - Matches found on http://3bp7szl6ehbrnitmbyxzvcm3ieu7ba2kys64oecf4g2b65mcgbafzgqd.onion/: {'bitcoin': 1, 'credit card': 0, 'ransomware': 0, 'hacker tools': 0, 'bounty': 0, 'drugs': 0, 'weapons': 0, 'guns': 0, 'spyware': 0, 'Aadhar': 0, 'Account Number': 0, 'Account No.': 0, 'Ransome': 0, 'Ransomware': 0, 'Fraud': 0, 'Fake': 1}
2024-11-17 15:28:56,003 - Matches found on http://kq4okz5kf4xosbsnvdr45uukjhbm4oameb6k6agjjsydycvflcewl4qd.onion/: {'bitcoin': 1, 'credit card': 0, 'ransomware': 0, 'hacker tools': 0, 'bounty': 0, 'drugs': 0, 'weapons': 0, 'guns': 0, 'spyware': 0, 'Aadhar': 0, 'Account Number': 0, 'Account No.': 0, 'Ransome': 0, 'Ransomware': 0, 'Fraud': 0, 'Fake': 0}
2024-11-17 15:29:00,533 - Matches found on http://t43fsf65omvf7grt46wlt2eo5jbj3hafyvbdb7jtr2biyre5v24pebad.onion/: {'bitcoin': 1, 'credit card': 0, 'ransomware': 0, 'hacker tools': 0, 'bounty': 0, 'drugs': 0, 'weapons': 0, 'guns': 3, 'spyware': 0, 'Aadhar': 0, 'Account Number': 0, 'Account No.': 0, 'Ransome': 0, 'Ransomware': 0, 'Fraud': 0, 'Fake': 0}
2024-11-17 15:29:04,597 - Matches found on http://rfyb5tlhiqtiavwhikdlvb3fumxgqwtg2naanxtiqibidqlox5vispqd.onion/: {'bitcoin': 0, 'credit card': 0, 'ransomware': 0, 'hacker tools': 0, 'bounty': 0, 'drugs': 1, 'weapons': 0, 'guns': 0, 'spyware': 0, 'Aadhar': 0, 'Account Number': 0, 'Account No.': 0, 'Ransome': 0, 'Ransomware': 0, 'Fraud': 0, 'Fake': 0}
2024-11-17 15:29:12,083 - Matches found on http://7mejofwihleuugda5kfnr7tupvfbaqntjqnfxc4hwmozlcmj2cey3hqd.onion/: {'bitcoin': 3, 'credit card': 0, 'ransomware': 0, 'hacker tools': 0, 'bounty': 0, 'drugs': 0, 'weapons': 0, 'guns': 0, 'spyware': 0, 'Aadhar': 0, 'Account Number': 0, 'Account No.': 0, 'Ransome': 0, 'Ransomware': 0, 'Fraud': 0, 'Fake': 0}
2024-11-17 15:29:20,169 - Failed to scrape http://spywaredrcdg5krvjnukp3vbdwiqcv3zwbrcg6qh27kiwecm4qyfphid.onion/: SOCKSHTTPConnectionPool(host='spywaredrcdg5krvjnukp3vbdwiqcv3zwbrcg6qh27kiwecm4qyfphid.onion', port=80): Max retries exceeded with url: / (Caused by NewConnectionError('<urllib3.contrib.socks.SOCKSConnection object at 0x7f42dd482f50>: Failed to establish a new connection: 0x04: Host unreachable'))
2024-11-17 15:29:21,439 - Matches found on https://hidden.wiki/: {'bitcoin': 26, 'credit card': 0, 'ransomware': 0, 'hacker tools': 0, 'bounty': 0, 'drugs': 0, 'weapons': 1, 'guns': 2, 'spyware': 2, 'Aadhar': 0, 'Account Number': 0, 'Account No.': 0, 'Ransome': 0, 'Ransomware': 0, 'Fraud': 0, 'Fake': 3}
2024-11-17 15:29:29,072 - GETCONF __owningcontrollerprocess (runtime: 0.0004)
2024-11-17 15:29:29,084 - Error while receiving a control message (SocketClosed): received exception "read of closed file"
2024-11-17 15:35:18,142 - GETCONF __owningcontrollerprocess (runtime: 0.0004)
2024-11-17 15:35:18,154 - Error while receiving a control message (SocketClosed): received exception "read of closed file"
2024-11-17 15:35:18,154 - Error while receiving a control message (SocketClosed): received exception "peek of closed file"
2024-11-17 15:35:18,154 - Error while receiving a control message (SocketClosed): received exception "peek of closed file"
2024-11-17 15:35:18,155 - Error while receiving a control message (SocketClosed): received exception "peek of closed file"
2024-11-17 15:35:18,155 - Error while receiving a control message (SocketClosed): received exception "peek of closed file"
2024-11-17 15:35:18,155 - Error while receiving a control message (SocketClosed): received exception "peek of closed file"
2024-11-17 15:35:18,155 - Error while receiving a control message (SocketClosed): received exception "peek of closed file"
2024-11-17 15:35:18,155 - Error while receiving a control message (SocketClosed): received exception "peek of closed file"
2024-11-17 15:35:18,155 - Error while receiving a control message (SocketClosed): received exception "peek of closed file"
2024-11-17 15:35:18,155 - Error while receiving a control message (SocketClosed): received exception "peek of closed file"
2024-11-17 15:35:18,155 - Error while receiving a control message (SocketClosed): received exception "peek of closed file"
2024-11-17 15:35:18,156 - Error while receiving a control message (SocketClosed): received exception "peek of closed file"
2024-11-17 15:35:18,156 - Error while receiving a control message (SocketClosed): received exception "peek of closed file"
2024-11-17 15:35:18,156 - Error while receiving a control message (SocketClosed): received exception "peek of closed file"
2024-11-17 15:35:18,156 - Error while receiving a control message (SocketClosed): received exception "peek of closed file"
2024-11-17 15:35:18,156 - Error while receiving a control message (SocketClosed): received exception "peek of closed file"
2024-11-17 15:35:18,156 - Error while receiving a control message (SocketClosed): received exception "peek of closed file"
2024-11-17 15:35:18,156 - Error while receiving a control message (SocketClosed): received exception "peek of closed file"
2024-11-17 15:35:18,156 - Error while receiving a control message (SocketClosed): received exception "peek of closed file"
2024-11-17 15:35:18,156 - Error while receiving a control message (SocketClosed): received exception "peek of closed file"
2024-11-17 15:35:18,157 - Error while receiving a control message (SocketClosed): received exception "peek of closed file"
2024-11-17 15:35:18,157 - Error while receiving a control message (SocketClosed): received exception "peek of closed file"
2024-11-17 15:35:18,157 - Error while receiving a control message (SocketClosed): received exception "peek of closed file"
2024-11-17 15:35:18,157 - Error while receiving a control message (SocketClosed): received exception "peek of closed file"
2024-11-17 15:35:24,146 - Matches found on http://55niksbd22qqaedkw36qw4cpofmbxdtbwonxam7ov2ga62zqbhgty3yd.onion/: {'bitcoin': 0, 'credit card': 2, 'ransomware': 0, 'hacker tools': 0, 'bounty': 0, 'drugs': 0, 'weapons': 0, 'guns': 0, 'spyware': 0, 'Aadhar': 0, 'Account Number': 0, 'Account No.': 0, 'Ransome': 0, 'Ransomware': 0, 'Fraud': 0, 'Fake': 0}
2024-11-17 15:35:34,157 - Failed to scrape http://s57divisqlcjtsyutxjz2ww77vlbwpxgodtijcsrgsuts4js5hnxkhqd.onion/: SOCKSHTTPConnectionPool(host='s57divisqlcjtsyutxjz2ww77vlbwpxgodtijcsrgsuts4js5hnxkhqd.onion', port=80): Max retries exceeded with url: / (Caused by ConnectTimeoutError(<urllib3.contrib.socks.SOCKSConnection object at 0x7f89943e2b50>, 'Connection to s57divisqlcjtsyutxjz2ww77vlbwpxgodtijcsrgsuts4js5hnxkhqd.onion timed out. (connect timeout=10)'))
2024-11-17 15:35:39,233 - Matches found on http://y22arit74fqnnc2pbieq3wqqvkfub6gnlegx3cl6thclos4f7ya7rvad.onion/: {'bitcoin': 9, 'credit card': 0, 'ransomware': 0, 'hacker tools': 0, 'bounty': 0, 'drugs': 0, 'weapons': 0, 'guns': 0, 'spyware': 0, 'Aadhar': 0, 'Account Number': 0, 'Account No.': 0, 'Ransome': 0, 'Ransomware': 0, 'Fraud': 0, 'Fake': 0}
2024-11-17 15:35:43,878 - Matches found on http://xykxv6fmblogxgmzjm5wt6akdhm4wewiarjzcngev4tupgjlyugmc7qd.onion/: {'bitcoin': 1, 'credit card': 0, 'ransomware': 0, 'hacker tools': 0, 'bounty': 0, 'drugs': 0, 'weapons': 0, 'guns': 0, 'spyware': 0, 'Aadhar': 0, 'Account Number': 0, 'Account No.': 0, 'Ransome': 0, 'Ransomware': 0, 'Fraud': 0, 'Fake': 0}
2024-11-17 15:35:50,535 - Matches found on http://qazkxav4zzmt5xwfw6my362jdwhzrcafz7qpd5kugfgx7z7il5lyb6ad.onion/: {'bitcoin': 1, 'credit card': 0, 'ransomware': 0, 'hacker tools': 0, 'bounty': 0, 'drugs': 0, 'weapons': 0, 'guns': 0, 'spyware': 0, 'Aadhar': 0, 'Account Number': 0, 'Account No.': 0, 'Ransome': 0, 'Ransomware': 0, 'Fraud': 0, 'Fake': 1}
2024-11-17 15:35:56,323 - Matches found on http://k6m3fagp4w4wspmdt23fldnwrmknse74gmxosswvaxf3ciasficpenad.onion/: {'bitcoin': 1, 'credit card': 0, 'ransomware': 0, 'hacker tools': 0, 'bounty': 0, 'drugs': 0, 'weapons': 1, 'guns': 3, 'spyware': 0, 'Aadhar': 0, 'Account Number': 0, 'Account No.': 0, 'Ransome': 0, 'Ransomware': 0, 'Fraud': 0, 'Fake': 0}
2024-11-17 15:36:02,368 - Matches found on http://lqcjo7esbfog5t4r4gyy7jurpzf6cavpfmc4vkal4k2g4ie66ao5mryd.onion/: {'bitcoin': 0, 'credit card': 0, 'ransomware': 0, 'hacker tools': 0, 'bounty': 0, 'drugs': 0, 'weapons': 0, 'guns': 0, 'spyware': 0, 'Aadhar': 0, 'Account Number': 0, 'Account No.': 0, 'Ransome': 0, 'Ransomware': 0, 'Fraud': 0, 'Fake': 3}
2024-11-17 15:36:08,684 - Matches found on http://3bp7szl6ehbrnitmbyxzvcm3ieu7ba2kys64oecf4g2b65mcgbafzgqd.onion/: {'bitcoin': 1, 'credit card': 0, 'ransomware': 0, 'hacker tools': 0, 'bounty': 0, 'drugs': 0, 'weapons': 0, 'guns': 0, 'spyware': 0, 'Aadhar': 0, 'Account Number': 0, 'Account No.': 0, 'Ransome': 0, 'Ransomware': 0, 'Fraud': 0, 'Fake': 1}
2024-11-17 15:36:14,064 - Matches found on http://kq4okz5kf4xosbsnvdr45uukjhbm4oameb6k6agjjsydycvflcewl4qd.onion/: {'bitcoin': 1, 'credit card': 0, 'ransomware': 0, 'hacker tools': 0, 'bounty': 0, 'drugs': 0, 'weapons': 0, 'guns': 0, 'spyware': 0, 'Aadhar': 0, 'Account Number': 0, 'Account No.': 0, 'Ransome': 0, 'Ransomware': 0, 'Fraud': 0, 'Fake': 0}
2024-11-17 15:36:19,666 - Matches found on http://t43fsf65omvf7grt46wlt2eo5jbj3hafyvbdb7jtr2biyre5v24pebad.onion/: {'bitcoin': 1, 'credit card': 0, 'ransomware': 0, 'hacker tools': 0, 'bounty': 0, 'drugs': 0, 'weapons': 0, 'guns': 3, 'spyware': 0, 'Aadhar': 0, 'Account Number': 0, 'Account No.': 0, 'Ransome': 0, 'Ransomware': 0, 'Fraud': 0, 'Fake': 0}
2024-11-17 15:36:26,315 - Matches found on http://rfyb5tlhiqtiavwhikdlvb3fumxgqwtg2naanxtiqibidqlox5vispqd.onion/: {'bitcoin': 0, 'credit card': 0, 'ransomware': 0, 'hacker tools': 0, 'bounty': 0, 'drugs': 1, 'weapons': 0, 'guns': 0, 'spyware': 0, 'Aadhar': 0, 'Account Number': 0, 'Account No.': 0, 'Ransome': 0, 'Ransomware': 0, 'Fraud': 0, 'Fake': 0}
2024-11-17 15:36:31,165 - Matches found on http://7mejofwihleuugda5kfnr7tupvfbaqntjqnfxc4hwmozlcmj2cey3hqd.onion/: {'bitcoin': 3, 'credit card': 0, 'ransomware': 0, 'hacker tools': 0, 'bounty': 0, 'drugs': 0, 'weapons': 0, 'guns': 0, 'spyware': 0, 'Aadhar': 0, 'Account Number': 0, 'Account No.': 0, 'Ransome': 0, 'Ransomware': 0, 'Fraud': 0, 'Fake': 0}
2024-11-17 15:36:38,068 - Failed to scrape http://spywaredrcdg5krvjnukp3vbdwiqcv3zwbrcg6qh27kiwecm4qyfphid.onion/: SOCKSHTTPConnectionPool(host='spywaredrcdg5krvjnukp3vbdwiqcv3zwbrcg6qh27kiwecm4qyfphid.onion', port=80): Max retries exceeded with url: / (Caused by NewConnectionError('<urllib3.contrib.socks.SOCKSConnection object at 0x7f89942f0b10>: Failed to establish a new connection: 0x04: Host unreachable'))
2024-11-17 15:36:39,576 - Matches found on https://hidden.wiki/: {'bitcoin': 26, 'credit card': 0, 'ransomware': 0, 'hacker tools': 0, 'bounty': 0, 'drugs': 0, 'weapons': 1, 'guns': 2, 'spyware': 2, 'Aadhar': 0, 'Account Number': 0, 'Account No.': 0, 'Ransome': 0, 'Ransomware': 0, 'Fraud': 0, 'Fake': 3}
2024-11-17 15:37:48,520 - GETCONF __owningcontrollerprocess (runtime: 0.0003)
2024-11-17 15:37:48,531 - Error while receiving a control message (SocketClosed): received exception "read of closed file"
2024-11-17 15:38:13,656 - GETCONF __owningcontrollerprocess (runtime: 0.0003)
2024-11-17 15:38:13,667 - Error while receiving a control message (SocketClosed): received exception "read of closed file"
2024-11-21 09:46:53,086 - GETCONF __owningcontrollerprocess (runtime: 0.0004)
2024-11-21 09:46:53,115 - Error while receiving a control message (SocketClosed): received exception "read of closed file"
2024-11-21 09:46:53,116 - Error while receiving a control message (SocketClosed): received exception "peek of closed file"
2024-11-21 09:46:53,116 - Error while receiving a control message (SocketClosed): received exception "peek of closed file"
2024-11-21 09:46:53,116 - Error while receiving a control message (SocketClosed): received exception "peek of closed file"
2024-11-21 09:46:53,116 - Error while receiving a control message (SocketClosed): received exception "peek of closed file"
2024-11-21 09:46:53,116 - Error while receiving a control message (SocketClosed): received exception "peek of closed file"
2024-11-21 09:46:53,116 - Error while receiving a control message (SocketClosed): received exception "peek of closed file"
2024-11-21 09:46:53,117 - Error while receiving a control message (SocketClosed): received exception "peek of closed file"
2024-11-21 09:46:53,117 - Error while receiving a control message (SocketClosed): received exception "peek of closed file"
2024-11-21 09:46:53,117 - Error while receiving a control message (SocketClosed): received exception "peek of closed file"
2024-11-21 09:46:53,117 - Error while receiving a control message (SocketClosed): received exception "peek of closed file"
2024-11-21 09:46:53,117 - Error while receiving a control message (SocketClosed): received exception "peek of closed file"
2024-11-21 09:46:53,117 - Error while receiving a control message (SocketClosed): received exception "peek of closed file"
2024-11-21 09:46:53,117 - Error while receiving a control message (SocketClosed): received exception "peek of closed file"
2024-11-21 09:46:53,117 - Error while receiving a control message (SocketClosed): received exception "peek of closed file"
2024-11-21 09:46:56,191 - Matches found on http://55niksbd22qqaedkw36qw4cpofmbxdtbwonxam7ov2ga62zqbhgty3yd.onion/: {'bitcoin': 0, 'credit card': 2, 'ransomware': 0, 'hacker tools': 0, 'bounty': 0, 'drugs': 0, 'weapons': 0, 'guns': 0, 'spyware': 0, 'Aadhar': 0, 'Account Number': 0, 'Account No.': 0, 'Ransome': 0, 'Ransomware': 0, 'Fraud': 0, 'Fake': 0}
2024-11-21 09:47:00,113 - Matches found on http://s57divisqlcjtsyutxjz2ww77vlbwpxgodtijcsrgsuts4js5hnxkhqd.onion/: {'bitcoin': 0, 'credit card': 0, 'ransomware': 0, 'hacker tools': 0, 'bounty': 0, 'drugs': 0, 'weapons': 0, 'guns': 0, 'spyware': 0, 'Aadhar': 0, 'Account Number': 0, 'Account No.': 0, 'Ransome': 0, 'Ransomware': 0, 'Fraud': 0, 'Fake': 1}
2024-11-21 09:47:05,436 - Matches found on http://y22arit74fqnnc2pbieq3wqqvkfub6gnlegx3cl6thclos4f7ya7rvad.onion/: {'bitcoin': 9, 'credit card': 0, 'ransomware': 0, 'hacker tools': 0, 'bounty': 0, 'drugs': 0, 'weapons': 0, 'guns': 0, 'spyware': 0, 'Aadhar': 0, 'Account Number': 0, 'Account No.': 0, 'Ransome': 0, 'Ransomware': 0, 'Fraud': 0, 'Fake': 0}
2024-11-21 09:47:10,583 - Matches found on http://xykxv6fmblogxgmzjm5wt6akdhm4wewiarjzcngev4tupgjlyugmc7qd.onion/: {'bitcoin': 1, 'credit card': 0, 'ransomware': 0, 'hacker tools': 0, 'bounty': 0, 'drugs': 0, 'weapons': 0, 'guns': 0, 'spyware': 0, 'Aadhar': 0, 'Account Number': 0, 'Account No.': 0, 'Ransome': 0, 'Ransomware': 0, 'Fraud': 0, 'Fake': 0}
2024-11-21 09:47:16,380 - Matches found on http://qazkxav4zzmt5xwfw6my362jdwhzrcafz7qpd5kugfgx7z7il5lyb6ad.onion/: {'bitcoin': 1, 'credit card': 0, 'ransomware': 0, 'hacker tools': 0, 'bounty': 0, 'drugs': 0, 'weapons': 0, 'guns': 0, 'spyware': 0, 'Aadhar': 0, 'Account Number': 0, 'Account No.': 0, 'Ransome': 0, 'Ransomware': 0, 'Fraud': 0, 'Fake': 1}
2024-11-21 09:47:22,324 - Matches found on http://k6m3fagp4w4wspmdt23fldnwrmknse74gmxosswvaxf3ciasficpenad.onion/: {'bitcoin': 1, 'credit card': 0, 'ransomware': 0, 'hacker tools': 0, 'bounty': 0, 'drugs': 0, 'weapons': 1, 'guns': 3, 'spyware': 0, 'Aadhar': 0, 'Account Number': 0, 'Account No.': 0, 'Ransome': 0, 'Ransomware': 0, 'Fraud': 0, 'Fake': 0}
2024-11-21 09:47:29,917 - Matches found on http://lqcjo7esbfog5t4r4gyy7jurpzf6cavpfmc4vkal4k2g4ie66ao5mryd.onion/: {'bitcoin': 0, 'credit card': 0, 'ransomware': 0, 'hacker tools': 0, 'bounty': 0, 'drugs': 0, 'weapons': 0, 'guns': 0, 'spyware': 0, 'Aadhar': 0, 'Account Number': 0, 'Account No.': 0, 'Ransome': 0, 'Ransomware': 0, 'Fraud': 0, 'Fake': 3}
2024-11-21 09:47:39,931 - Failed to scrape http://3bp7szl6ehbrnitmbyxzvcm3ieu7ba2kys64oecf4g2b65mcgbafzgqd.onion/: SOCKSHTTPConnectionPool(host='3bp7szl6ehbrnitmbyxzvcm3ieu7ba2kys64oecf4g2b65mcgbafzgqd.onion', port=80): Max retries exceeded with url: / (Caused by ConnectTimeoutError(<urllib3.contrib.socks.SOCKSConnection object at 0x7fec44693fd0>, 'Connection to 3bp7szl6ehbrnitmbyxzvcm3ieu7ba2kys64oecf4g2b65mcgbafzgqd.onion timed out. (connect timeout=10)'))
2024-11-21 09:47:43,909 - Matches found on http://kq4okz5kf4xosbsnvdr45uukjhbm4oameb6k6agjjsydycvflcewl4qd.onion/: {'bitcoin': 1, 'credit card': 0, 'ransomware': 0, 'hacker tools': 0, 'bounty': 0, 'drugs': 0, 'weapons': 0, 'guns': 0, 'spyware': 0, 'Aadhar': 0, 'Account Number': 0, 'Account No.': 0, 'Ransome': 0, 'Ransomware': 0, 'Fraud': 0, 'Fake': 0}
2024-11-21 09:47:48,825 - Matches found on http://t43fsf65omvf7grt46wlt2eo5jbj3hafyvbdb7jtr2biyre5v24pebad.onion/: {'bitcoin': 1, 'credit card': 0, 'ransomware': 0, 'hacker tools': 0, 'bounty': 0, 'drugs': 0, 'weapons': 0, 'guns': 3, 'spyware': 0, 'Aadhar': 0, 'Account Number': 0, 'Account No.': 0, 'Ransome': 0, 'Ransomware': 0, 'Fraud': 0, 'Fake': 0}
2024-11-21 09:47:55,082 - Matches found on http://rfyb5tlhiqtiavwhikdlvb3fumxgqwtg2naanxtiqibidqlox5vispqd.onion/: {'bitcoin': 0, 'credit card': 0, 'ransomware': 0, 'hacker tools': 0, 'bounty': 0, 'drugs': 1, 'weapons': 0, 'guns': 0, 'spyware': 0, 'Aadhar': 0, 'Account Number': 0, 'Account No.': 0, 'Ransome': 0, 'Ransomware': 0, 'Fraud': 0, 'Fake': 0}
2024-11-21 09:48:05,769 - Matches found on http://7mejofwihleuugda5kfnr7tupvfbaqntjqnfxc4hwmozlcmj2cey3hqd.onion/: {'bitcoin': 3, 'credit card': 0, 'ransomware': 0, 'hacker tools': 0, 'bounty': 0, 'drugs': 0, 'weapons': 0, 'guns': 0, 'spyware': 0, 'Aadhar': 0, 'Account Number': 0, 'Account No.': 0, 'Ransome': 0, 'Ransomware': 0, 'Fraud': 0, 'Fake': 0}
2024-11-21 09:48:13,849 - Failed to scrape http://spywaredrcdg5krvjnukp3vbdwiqcv3zwbrcg6qh27kiwecm4qyfphid.onion/: SOCKSHTTPConnectionPool(host='spywaredrcdg5krvjnukp3vbdwiqcv3zwbrcg6qh27kiwecm4qyfphid.onion', port=80): Max retries exceeded with url: / (Caused by NewConnectionError('<urllib3.contrib.socks.SOCKSConnection object at 0x7fec4487be50>: Failed to establish a new connection: 0x04: Host unreachable'))
2024-11-21 09:48:17,958 - Matches found on https://hidden.wiki/: {'bitcoin': 26, 'credit card': 0, 'ransomware': 0, 'hacker tools': 0, 'bounty': 0, 'drugs': 0, 'weapons': 1, 'guns': 2, 'spyware': 2, 'Aadhar': 0, 'Account Number': 0, 'Account No.': 0, 'Ransome': 0, 'Ransomware': 0, 'Fraud': 0, 'Fake': 3}
2024-11-21 09:48:32,104 - GETCONF __owningcontrollerprocess (runtime: 0.0003)
2024-11-21 09:48:32,116 - Error while receiving a control message (SocketClosed): received exception "read of closed file"
2024-12-06 14:42:14,996 - GETCONF __owningcontrollerprocess (runtime: 0.0005)
2024-12-06 14:42:15,029 - Error while receiving a control message (SocketClosed): received exception "read of closed file"
2024-12-06 14:42:15,029 - Error while receiving a control message (SocketClosed): received exception "peek of closed file"
2024-12-06 14:42:15,029 - Error while receiving a control message (SocketClosed): received exception "peek of closed file"
2024-12-06 14:42:15,030 - Error while receiving a control message (SocketClosed): received exception "peek of closed file"
2024-12-06 14:42:15,030 - Error while receiving a control message (SocketClosed): received exception "peek of closed file"
2024-12-06 14:42:15,030 - Error while receiving a control message (SocketClosed): received exception "peek of closed file"
2024-12-06 14:42:15,030 - Error while receiving a control message (SocketClosed): received exception "peek of closed file"
2024-12-06 14:42:15,030 - Error while receiving a control message (SocketClosed): received exception "peek of closed file"
2024-12-06 14:42:15,030 - Error while receiving a control message (SocketClosed): received exception "peek of closed file"
2024-12-06 14:42:15,030 - Error while receiving a control message (SocketClosed): received exception "peek of closed file"
2024-12-06 14:42:15,030 - Error while receiving a control message (SocketClosed): received exception "peek of closed file"
2024-12-06 14:42:15,030 - Error while receiving a control message (SocketClosed): received exception "peek of closed file"
2024-12-06 14:42:15,030 - Error while receiving a control message (SocketClosed): received exception "peek of closed file"
2024-12-06 14:42:15,031 - Error while receiving a control message (SocketClosed): received exception "peek of closed file"
2024-12-06 14:42:15,031 - Error while receiving a control message (SocketClosed): received exception "peek of closed file"
2024-12-06 14:42:15,031 - Error while receiving a control message (SocketClosed): received exception "peek of closed file"
2024-12-06 14:42:15,031 - Error while receiving a control message (SocketClosed): received exception "peek of closed file"
2024-12-06 14:42:15,031 - Error while receiving a control message (SocketClosed): received exception "peek of closed file"
2024-12-06 14:42:15,031 - Error while receiving a control message (SocketClosed): received exception "peek of closed file"
2024-12-06 14:42:15,031 - Error while receiving a control message (SocketClosed): received exception "peek of closed file"
2024-12-06 14:42:15,031 - Error while receiving a control message (SocketClosed): received exception "peek of closed file"
2024-12-06 14:42:15,031 - Error while receiving a control message (SocketClosed): received exception "peek of closed file"
2024-12-06 14:42:15,031 - Error while receiving a control message (SocketClosed): received exception "peek of closed file"
2024-12-06 14:42:15,031 - Error while receiving a control message (SocketClosed): received exception "peek of closed file"
2024-12-06 14:42:15,031 - Error while receiving a control message (SocketClosed): received exception "peek of closed file"
2024-12-06 14:42:15,032 - Error while receiving a control message (SocketClosed): received exception "peek of closed file"
2024-12-06 14:42:15,032 - Error while receiving a control message (SocketClosed): received exception "peek of closed file"
2024-12-06 14:42:15,032 - Error while receiving a control message (SocketClosed): received exception "peek of closed file"
2024-12-06 14:42:15,032 - Error while receiving a control message (SocketClosed): received exception "peek of closed file"
2024-12-06 14:42:15,032 - Error while receiving a control message (SocketClosed): received exception "peek of closed file"
2024-12-06 14:42:15,032 - Error while receiving a control message (SocketClosed): received exception "peek of closed file"
2024-12-06 14:42:15,032 - Error while receiving a control message (SocketClosed): received exception "peek of closed file"
